[32m----->[0m Creating a temporary build path
[32m----->[0m Using RVM environment "ruby-3.2.3@default"
       [33mWarning! PATH is not properly set up, /usr/local/rvm/gems/ruby-3.2.3/bin is not at first place.
                [0mUsually this is caused by shell initialization files. Search for [34mPATH=...[0m entries.
                You can also re-add RVM to your profile by running: [34mrvm get stable --auto-dotfiles[0m
                To fix it temporarily in this shell session run: [34mrvm use ruby-3.2.3[0m
                To ignore this error add [34mrvm_silence_path_mismatch_check_flag=1[0m to your [34m~/.rvmrc[0m file.[0m
       [0mUsing /usr/local/rvm/gems/ruby-3.2.3
[32m----->[0m Fetching new git commits
[32m----->[0m Using git branch 'master'
       Cloning into '.'...
       done.
[32m----->[0m Updating submodules
[32m----->[0m Using this git commit
       Thiago Fernandes (459a061):
       > New site salte version 2026 v1
[32m----->[0m Symlinking shared paths
[32m----->[0m Installing gem dependencies using Bundler
       [31mThe `--deployment` flag has been removed because it relied on being remembered
       across bundler invocations, which bundler no longer does. Instead please use
       `bundle config set deployment true`, and stop using this flag[0m
       [32mBundle complete! 41 Gemfile dependencies, 127 gems now installed.[0m
       [32mGems in the groups 'development' and 'test' were not installed.[0m
       [32mBundled gems are installed into `./vendor/bundle`[0m
       2 installed gems you directly depend on are looking for funding.
         Run `bundle fund` for details
       Files /home/salute/salute-imoveis-v3/current/db/migrate/20251122125042_create_habitations.rb and ./db/migrate/20251122125042_create_habitations.rb differ
       Files /home/salute/salute-imoveis-v3/current/db/migrate/20251122125348_create_featured_properties_view.rb and ./db/migrate/20251122125348_create_featured_properties_view.rb differ
       Files /home/salute/salute-imoveis-v3/current/db/migrate/20251122130154_create_friendly_id_slugs.rb and ./db/migrate/20251122130154_create_friendly_id_slugs.rb differ
       Files /home/salute/salute-imoveis-v3/current/db/migrate/20251123005900_enable_unaccent_extension.rb and ./db/migrate/20251123005900_enable_unaccent_extension.rb differ
       Files /home/salute/salute-imoveis-v3/current/db/migrate/20251123040000_add_characteristic_flags_to_habitations.rb and ./db/migrate/20251123040000_add_characteristic_flags_to_habitations.rb differ
       Files /home/salute/salute-imoveis-v3/current/db/migrate/20251123102600_add_vista_fields_to_habitations.rb and ./db/migrate/20251123102600_add_vista_fields_to_habitations.rb differ
       Files /home/salute/salute-imoveis-v3/current/db/migrate/20251124003706_devise_create_admin_users.rb and ./db/migrate/20251124003706_devise_create_admin_users.rb differ
       Files /home/salute/salute-imoveis-v3/current/db/migrate/20251124011430_create_home_settings.rb and ./db/migrate/20251124011430_create_home_settings.rb differ
       Files /home/salute/salute-imoveis-v3/current/db/migrate/20251124011435_create_banners.rb and ./db/migrate/20251124011435_create_banners.rb differ
       Files /home/salute/salute-imoveis-v3/current/db/migrate/20251124011439_create_home_sections.rb and ./db/migrate/20251124011439_create_home_sections.rb differ
       Files /home/salute/salute-imoveis-v3/current/db/migrate/20251124011442_create_home_section_items.rb and ./db/migrate/20251124011442_create_home_section_items.rb differ
       Files /home/salute/salute-imoveis-v3/current/db/migrate/20251125160425_add_hero_fields_to_home_settings.rb and ./db/migrate/20251125160425_add_hero_fields_to_home_settings.rb differ
       Files /home/salute/salute-imoveis-v3/current/db/migrate/20251125160804_add_positions_to_banners.rb and ./db/migrate/20251125160804_add_positions_to_banners.rb differ
       Files /home/salute/salute-imoveis-v3/current/db/migrate/20251125160805_add_active_and_order_to_home_sections.rb and ./db/migrate/20251125160805_add_active_and_order_to_home_sections.rb differ
       Files /home/salute/salute-imoveis-v3/current/db/migrate/20251125160807_create_contact_settings.rb and ./db/migrate/20251125160807_create_contact_settings.rb differ
       Files /home/salute/salute-imoveis-v3/current/db/migrate/20251125160808_create_seo_settings.rb and ./db/migrate/20251125160808_create_seo_settings.rb differ
       Files /home/salute/salute-imoveis-v3/current/db/migrate/20251125165431_create_active_storage_tables.active_storage.rb and ./db/migrate/20251125165431_create_active_storage_tables.active_storage.rb differ
       Files /home/salute/salute-imoveis-v3/current/db/migrate/20251125174440_add_overlay_color_to_home_settings.rb and ./db/migrate/20251125174440_add_overlay_color_to_home_settings.rb differ
       Files /home/salute/salute-imoveis-v3/current/db/migrate/20251125175442_change_position_to_array_in_banners.rb and ./db/migrate/20251125175442_change_position_to_array_in_banners.rb differ
       Files /home/salute/salute-imoveis-v3/current/db/migrate/20251126042444_create_webhook_settings.rb and ./db/migrate/20251126042444_create_webhook_settings.rb differ
       Files /home/salute/salute-imoveis-v3/current/db/migrate/20260109131432_create_property_pages.rb and ./db/migrate/20260109131432_create_property_pages.rb differ
       Files /home/salute/salute-imoveis-v3/current/db/migrate/20260109161447_add_whats_app_fields_to_webhook_settings.rb and ./db/migrate/20260109161447_add_whats_app_fields_to_webhook_settings.rb differ
       Files /home/salute/salute-imoveis-v3/current/db/migrate/20260109161448_create_leads.rb and ./db/migrate/20260109161448_create_leads.rb differ
       Files /home/salute/salute-imoveis-v3/current/db/migrate/20260109210040_create_layout_settings.rb and ./db/migrate/20260109210040_create_layout_settings.rb differ
       Files /home/salute/salute-imoveis-v3/current/db/migrate/20260109210957_add_site_name_to_layout_settings.rb and ./db/migrate/20260109210957_add_site_name_to_layout_settings.rb differ
       Files /home/salute/salute-imoveis-v3/current/db/migrate/20260109215740_add_accent_color_to_layout_settings.rb and ./db/migrate/20260109215740_add_accent_color_to_layout_settings.rb differ
       Files /home/salute/salute-imoveis-v3/current/db/migrate/20260109215741_add_hero_button_colors_to_home_settings.rb and ./db/migrate/20260109215741_add_hero_button_colors_to_home_settings.rb differ
       Files /home/salute/salute-imoveis-v3/current/db/migrate/20260109222214_add_hero_button_text_color_to_home_settings.rb and ./db/migrate/20260109222214_add_hero_button_text_color_to_home_settings.rb differ
       Files /home/salute/salute-imoveis-v3/current/db/migrate/20260110004526_create_footer_settings.rb and ./db/migrate/20260110004526_create_footer_settings.rb differ
       Files /home/salute/salute-imoveis-v3/current/db/migrate/20260110004527_create_footer_links.rb and ./db/migrate/20260110004527_create_footer_links.rb differ
       Files /home/salute/salute-imoveis-v3/current/db/migrate/20260110004529_create_footer_stores.rb and ./db/migrate/20260110004529_create_footer_stores.rb differ
       Files /home/salute/salute-imoveis-v3/current/db/migrate/20260110004530_create_footer_social_links.rb and ./db/migrate/20260110004530_create_footer_social_links.rb differ
       Files /home/salute/salute-imoveis-v3/current/db/migrate/20260110011550_add_footer_setting_to_footer_models.rb and ./db/migrate/20260110011550_add_footer_setting_to_footer_models.rb differ
       Files /home/salute/salute-imoveis-v3/current/db/migrate/20260110185210_add_status_and_notes_to_leads.rb and ./db/migrate/20260110185210_add_status_and_notes_to_leads.rb differ
       Files /home/salute/salute-imoveis-v3/current/db/migrate/20260110185519_create_landing_pages.rb and ./db/migrate/20260110185519_create_landing_pages.rb differ
       Files /home/salute/salute-imoveis-v3/current/db/migrate/20260110192156_unified_landing_pages.rb and ./db/migrate/20260110192156_unified_landing_pages.rb differ
       Files /home/salute/salute-imoveis-v3/current/db/migrate/20260111230256_create_action_text_tables.action_text.rb and ./db/migrate/20260111230256_create_action_text_tables.action_text.rb differ
       Files /home/salute/salute-imoveis-v3/current/db/migrate/20260111230258_add_photo_ids_order_to_habitations.rb and ./db/migrate/20260111230258_add_photo_ids_order_to_habitations.rb differ
       Files /home/salute/salute-imoveis-v3/current/db/migrate/20260112012254_add_sync_stats_to_habitations.rb and ./db/migrate/20260112012254_add_sync_stats_to_habitations.rb differ
[32m----->[0m Migrating database
       I, [2026-01-14T16:46:24.491727 #133814]  INFO -- : [dotenv] Loaded [33m.env[0m
[32m----->[0m Precompiling asset files
       I, [2026-01-14T16:46:26.322078 #133818]  INFO -- : [dotenv] Loaded [33m.env[0m
       Browserslist: caniuse-lite is outdated. Please run:
         npx update-browserslist-db@latest
         Why you should do it regularly: https://github.com/browserslist/update-db#readme
       
       Rebuilding...
       
       Done in 1616ms.
       rake aborted!
       SassC::SyntaxError: Error: Function rgb is missing argument $green. (SassC::SyntaxError)
               on line 1044 of stdin
       >>   box-shadow: 0 0 0 1px rgb(var(--tw-prose-kbd-shadows) / 10%), 0 3px 0 rgb(
          ------------------------^
       stdin:1044
       /home/salute/salute-imoveis-v3/shared/vendor/bundle/ruby/3.2.0/gems/sassc-2.4.0/lib/sassc/engine.rb:50:in `render'
       /home/salute/salute-imoveis-v3/shared/vendor/bundle/ruby/3.2.0/gems/sassc-rails-2.1.2/lib/sassc/rails/compressor.rb:29:in `call'
       /home/salute/salute-imoveis-v3/shared/vendor/bundle/ruby/3.2.0/gems/sprockets-4.2.2/lib/sprockets/sass_compressor.rb:30:in `call'
       /home/salute/salute-imoveis-v3/shared/vendor/bundle/ruby/3.2.0/gems/sprockets-4.2.2/lib/sprockets/processor_utils.rb:84:in `call_processor'
       /home/salute/salute-imoveis-v3/shared/vendor/bundle/ruby/3.2.0/gems/sprockets-4.2.2/lib/sprockets/processor_utils.rb:66:in `block in call_processors'
       /home/salute/salute-imoveis-v3/shared/vendor/bundle/ruby/3.2.0/gems/sprockets-4.2.2/lib/sprockets/processor_utils.rb:65:in `reverse_each'
       /home/salute/salute-imoveis-v3/shared/vendor/bundle/ruby/3.2.0/gems/sprockets-4.2.2/lib/sprockets/processor_utils.rb:65:in `call_processors'
       /home/salute/salute-imoveis-v3/shared/vendor/bundle/ruby/3.2.0/gems/sprockets-4.2.2/lib/sprockets/loader.rb:184:in `load_from_unloaded'
       /home/salute/salute-imoveis-v3/shared/vendor/bundle/ruby/3.2.0/gems/sprockets-4.2.2/lib/sprockets/loader.rb:59:in `block in load'
       /home/salute/salute-imoveis-v3/shared/vendor/bundle/ruby/3.2.0/gems/sprockets-4.2.2/lib/sprockets/loader.rb:339:in `fetch_asset_from_dependency_cache'
       /home/salute/salute-imoveis-v3/shared/vendor/bundle/ruby/3.2.0/gems/sprockets-4.2.2/lib/sprockets/loader.rb:43:in `load'
       /home/salute/salute-imoveis-v3/shared/vendor/bundle/ruby/3.2.0/gems/sprockets-4.2.2/lib/sprockets/cached_environment.rb:44:in `block in load'
       /home/salute/salute-imoveis-v3/shared/vendor/bundle/ruby/3.2.0/gems/concurrent-ruby-1.3.5/lib/concurrent-ruby/concurrent/map.rb:207:in `block in fetch_or_store'
       /home/salute/salute-imoveis-v3/shared/vendor/bundle/ruby/3.2.0/gems/concurrent-ruby-1.3.5/lib/concurrent-ruby/concurrent/map.rb:187:in `fetch'
       /home/salute/salute-imoveis-v3/shared/vendor/bundle/ruby/3.2.0/gems/concurrent-ruby-1.3.5/lib/concurrent-ruby/concurrent/map.rb:206:in `fetch_or_store'
       /home/salute/salute-imoveis-v3/shared/vendor/bundle/ruby/3.2.0/gems/sprockets-4.2.2/lib/sprockets/cached_environment.rb:44:in `load'
       /home/salute/salute-imoveis-v3/shared/vendor/bundle/ruby/3.2.0/gems/sprockets-4.2.2/lib/sprockets/bundle.rb:32:in `block in call'
       /home/salute/salute-imoveis-v3/shared/vendor/bundle/ruby/3.2.0/gems/sprockets-4.2.2/lib/sprockets/bundle.rb:31:in `call'
       /home/salute/salute-imoveis-v3/shared/vendor/bundle/ruby/3.2.0/gems/sprockets-4.2.2/lib/sprockets/processor_utils.rb:84:in `call_processor'
       /home/salute/salute-imoveis-v3/shared/vendor/bundle/ruby/3.2.0/gems/sprockets-4.2.2/lib/sprockets/processor_utils.rb:66:in `block in call_processors'
       /home/salute/salute-imoveis-v3/shared/vendor/bundle/ruby/3.2.0/gems/sprockets-4.2.2/lib/sprockets/processor_utils.rb:65:in `reverse_each'
       /home/salute/salute-imoveis-v3/shared/vendor/bundle/ruby/3.2.0/gems/sprockets-4.2.2/lib/sprockets/processor_utils.rb:65:in `call_processors'
       /home/salute/salute-imoveis-v3/shared/vendor/bundle/ruby/3.2.0/gems/sprockets-4.2.2/lib/sprockets/loader.rb:184:in `load_from_unloaded'
       /home/salute/salute-imoveis-v3/shared/vendor/bundle/ruby/3.2.0/gems/sprockets-4.2.2/lib/sprockets/loader.rb:59:in `block in load'
       /home/salute/salute-imoveis-v3/shared/vendor/bundle/ruby/3.2.0/gems/sprockets-4.2.2/lib/sprockets/loader.rb:339:in `fetch_asset_from_dependency_cache'
       /home/salute/salute-imoveis-v3/shared/vendor/bundle/ruby/3.2.0/gems/sprockets-4.2.2/lib/sprockets/loader.rb:43:in `load'
       /home/salute/salute-imoveis-v3/shared/vendor/bundle/ruby/3.2.0/gems/sprockets-4.2.2/lib/sprockets/cached_environment.rb:44:in `block in load'
       /home/salute/salute-imoveis-v3/shared/vendor/bundle/ruby/3.2.0/gems/concurrent-ruby-1.3.5/lib/concurrent-ruby/concurrent/map.rb:207:in `block in fetch_or_store'
       /home/salute/salute-imoveis-v3/shared/vendor/bundle/ruby/3.2.0/gems/concurrent-ruby-1.3.5/lib/concurrent-ruby/concurrent/map.rb:187:in `fetch'
       /home/salute/salute-imoveis-v3/shared/vendor/bundle/ruby/3.2.0/gems/concurrent-ruby-1.3.5/lib/concurrent-ruby/concurrent/map.rb:206:in `fetch_or_store'
       /home/salute/salute-imoveis-v3/shared/vendor/bundle/ruby/3.2.0/gems/sprockets-4.2.2/lib/sprockets/cached_environment.rb:44:in `load'
       /home/salute/salute-imoveis-v3/shared/vendor/bundle/ruby/3.2.0/gems/sprockets-4.2.2/lib/sprockets/base.rb:81:in `find_asset'
       /home/salute/salute-imoveis-v3/shared/vendor/bundle/ruby/3.2.0/gems/sprockets-4.2.2/lib/sprockets/base.rb:88:in `find_all_linked_assets'
       /home/salute/salute-imoveis-v3/shared/vendor/bundle/ruby/3.2.0/gems/sprockets-4.2.2/lib/sprockets/manifest.rb:125:in `each'
       /home/salute/salute-imoveis-v3/shared/vendor/bundle/ruby/3.2.0/gems/sprockets-4.2.2/lib/sprockets/manifest.rb:125:in `to_a'
       /home/salute/salute-imoveis-v3/shared/vendor/bundle/ruby/3.2.0/gems/sprockets-4.2.2/lib/sprockets/manifest.rb:125:in `block (2 levels) in find'
       /home/salute/salute-imoveis-v3/shared/vendor/bundle/ruby/3.2.0/gems/concurrent-ruby-1.3.5/lib/concurrent-ruby/concurrent/executor/safe_task_executor.rb:24:in `block in execute'
       /home/salute/salute-imoveis-v3/shared/vendor/bundle/ruby/3.2.0/gems/concurrent-ruby-1.3.5/lib/concurrent-ruby/concurrent/synchronization/mutex_lockable_object.rb:48:in `block in synchronize'
       /home/salute/salute-imoveis-v3/shared/vendor/bundle/ruby/3.2.0/gems/concurrent-ruby-1.3.5/lib/concurrent-ruby/concurrent/synchronization/mutex_lockable_object.rb:48:in `synchronize'
       /home/salute/salute-imoveis-v3/shared/vendor/bundle/ruby/3.2.0/gems/concurrent-ruby-1.3.5/lib/concurrent-ruby/concurrent/synchronization/mutex_lockable_object.rb:48:in `synchronize'
       /home/salute/salute-imoveis-v3/shared/vendor/bundle/ruby/3.2.0/gems/concurrent-ruby-1.3.5/lib/concurrent-ruby/concurrent/executor/safe_task_executor.rb:22:in `execute'
       /home/salute/salute-imoveis-v3/shared/vendor/bundle/ruby/3.2.0/gems/concurrent-ruby-1.3.5/lib/concurrent-ruby/concurrent/promise.rb:564:in `block in realize'
       /home/salute/salute-imoveis-v3/shared/vendor/bundle/ruby/3.2.0/gems/concurrent-ruby-1.3.5/lib/concurrent-ruby/concurrent/executor/ruby_thread_pool_executor.rb:359:in `run_task'
       /home/salute/salute-imoveis-v3/shared/vendor/bundle/ruby/3.2.0/gems/concurrent-ruby-1.3.5/lib/concurrent-ruby/concurrent/executor/ruby_thread_pool_executor.rb:350:in `block (3 levels) in create_worker'
       /home/salute/salute-imoveis-v3/shared/vendor/bundle/ruby/3.2.0/gems/concurrent-ruby-1.3.5/lib/concurrent-ruby/concurrent/executor/ruby_thread_pool_executor.rb:341:in `loop'
       /home/salute/salute-imoveis-v3/shared/vendor/bundle/ruby/3.2.0/gems/concurrent-ruby-1.3.5/lib/concurrent-ruby/concurrent/executor/ruby_thread_pool_executor.rb:341:in `block (2 levels) in create_worker'
xecutor.rb:341:in `block (2 levels) in create_worker'
       /home/salute/salute-imoveis-v3/shared/vendor/bundle/ruby/3.2.0/gems/concurrent-ruby-1.3.5/lib/concurrent-ruby/concurrent/executor/ruby_thread_pool_executor.rb:340:in `catch'
       /home/salute/salute-imoveis-v3/shared/vendor/bundle/ruby/3.2.0/gems/concurrent-ruby-1.3.5/lib/concurrent-ruby/concurrent/executor/ruby_thread_pool_executor.rb:340:in `block in create_worker'
       Tasks: TOP => assets:precompile
       (See full trace by running task with --trace)
 [33m![0m     [31mERROR: Deploy failed.[0m
[32m----->[0m Cleaning up build
       Unlinking current
       OK
 [33m![0m     [31mRun Error[0m
